Arguments: 
  C:\Program Files\nodejs\node.exe C:\Users\Rebor\AppData\Roaming\npm\node_modules\yarn\bin\yarn.js add react-currency-formatter

PATH: 
  C:\Program Files (x86)\Intel\iCLS Client\;C:\Program Files\Intel\iCLS Client\;C:\Windows\system32;C:\Windows;C:\Windows\System32\Wbem;C:\Windows\System32\WindowsPowerShell\v1.0\;C:\Program Files (x86)\Intel\Intel(R) Management Engine Components\DAL;C:\Program Files\Intel\Intel(R) Management Engine Components\DAL;C:\Program Files (x86)\Intel\Intel(R) Management Engine Components\IPT;C:\Program Files\Intel\Intel(R) Management Engine Components\IPT;C:\Program Files (x86)\NVIDIA Corporation\PhysX\Common;C:\WINDOWS\system32;C:\WINDOWS;C:\WINDOWS\System32\Wbem;C:\WINDOWS\System32\WindowsPowerShell\v1.0\;C:\WINDOWS\System32\OpenSSH\;C:\Program Files\NVIDIA Corporation\NVIDIA NvDLISR;C:\Program Files\nodejs\;C:\Program Files\Git\cmd;C:\Users\Rebor\AppData\Local\Programs\Python\Python310\Scripts\;C:\Users\Rebor\AppData\Local\Programs\Python\Python310\;C:\Users\Rebor\AppData\Local\Microsoft\WindowsApps;C:\Users\Rebor\AppData\Local\Programs\Microsoft VS Code\bin;C:\Users\Rebor\AppData\Roaming\npm

Yarn version: 
  1.22.19

Node version: 
  16.16.0

Platform: 
  win32 x64

Trace: 
  Error: https://registry.yarnpkg.com/react-currecy-formatter: Not found
      at Request.params.callback [as _callback] (C:\Users\Rebor\AppData\Roaming\npm\node_modules\yarn\lib\cli.js:66145:18)
      at Request.self.callback (C:\Users\Rebor\AppData\Roaming\npm\node_modules\yarn\lib\cli.js:140890:22)
      at Request.emit (node:events:527:28)
      at Request.<anonymous> (C:\Users\Rebor\AppData\Roaming\npm\node_modules\yarn\lib\cli.js:141862:10)
      at Request.emit (node:events:527:28)
      at IncomingMessage.<anonymous> (C:\Users\Rebor\AppData\Roaming\npm\node_modules\yarn\lib\cli.js:141784:12)
      at Object.onceWrapper (node:events:641:28)
      at IncomingMessage.emit (node:events:539:35)
      at endReadableNT (node:internal/streams/readable:1345:12)
      at processTicksAndRejections (node:internal/process/task_queues:83:21)

npm manifest: 
  {
    "name": "deliveroo-clone-yt2",
    "version": "1.0.0",
    "main": "node_modules/expo/AppEntry.js",
    "scripts": {
      "start": "expo start",
      "android": "expo start --android",
      "ios": "expo start --ios",
      "web": "expo start --web"
    },
    "dependencies": {
      "@react-navigation/native": "^6.0.11",
      "@react-navigation/native-stack": "^6.7.0",
      "@sanity/client": "^3.3.6",
      "@sanity/image-url": "^1.0.1",
      "expo": "~46.0.8",
      "expo-status-bar": "~1.4.0",
      "react": "18.0.0",
      "react-native": "0.69.5",
      "react-native-heroicons": "^2.2.0",
      "react-native-safe-area-context": "4.3.1",
      "react-native-screens": "~3.15.0",
      "react-native-svg": "^12.4.4",
      "tailwindcss-react-native": "^1.7.10",
      "react-currecy-formatter": "1.1.0"
    },
    "devDependencies": {
      "@babel/core": "^7.12.9",
      "tailwindcss": "^3.1.8"
    },
    "private": true
  }

yarn manifest: 
  No manifest

Lockfile: 
  No lockfile
